TN:
SF:src/challenge.ts
FN:22,(anonymous_0)
FN:36,(anonymous_1)
FN:44,(anonymous_2)
FN:52,(anonymous_3)
FN:64,(anonymous_4)
FNF:5
FNH:5
FNDA:3,(anonymous_0)
FNDA:10,(anonymous_1)
FNDA:14,(anonymous_2)
FNDA:13,(anonymous_3)
FNDA:2,(anonymous_4)
DA:7,1
DA:23,3
DA:24,3
DA:25,3
DA:26,3
DA:27,3
DA:28,3
DA:29,3
DA:37,10
DA:45,14
DA:53,13
DA:54,13
DA:55,41
DA:57,13
DA:65,2
DA:66,2
DA:67,8
DA:68,6
DA:70,2
DA:73,2
DA:74,2
DA:75,5
DA:76,3
DA:78,2
DA:81,2
DA:87,2
LF:26
LH:26
BRDA:67,0,0,6
BRDA:67,0,1,2
BRDA:75,1,0,3
BRDA:75,1,1,2
BRF:4
BRH:4
end_of_record
TN:
SF:src/challengecollection.ts
FN:12,(anonymous_0)
FN:20,(anonymous_1)
FN:21,(anonymous_2)
FN:28,(anonymous_3)
FN:29,(anonymous_4)
FN:36,(anonymous_5)
FN:37,(anonymous_6)
FN:44,(anonymous_7)
FN:45,(anonymous_8)
FN:52,(anonymous_9)
FN:53,(anonymous_10)
FN:60,(anonymous_11)
FN:61,(anonymous_12)
FN:68,(anonymous_13)
FNF:14
FNH:14
FNDA:2,(anonymous_0)
FNDA:1,(anonymous_1)
FNDA:4,(anonymous_2)
FNDA:1,(anonymous_3)
FNDA:2,(anonymous_4)
FNDA:1,(anonymous_5)
FNDA:2,(anonymous_6)
FNDA:1,(anonymous_7)
FNDA:2,(anonymous_8)
FNDA:1,(anonymous_9)
FNDA:2,(anonymous_10)
FNDA:1,(anonymous_11)
FNDA:2,(anonymous_12)
FNDA:1,(anonymous_13)
DA:2,1
DA:7,1
DA:13,2
DA:21,4
DA:29,2
DA:37,2
DA:45,2
DA:53,2
DA:61,2
DA:69,1
LF:10
LH:10
BRF:0
BRH:0
end_of_record
TN:
SF:src/collection.ts
FN:9,(anonymous_0)
FN:17,(anonymous_1)
FN:28,(anonymous_2)
FN:38,(anonymous_3)
FN:46,(anonymous_4)
FNF:5
FNH:5
FNDA:9,(anonymous_0)
FNDA:1,(anonymous_1)
FNDA:3,(anonymous_2)
FNDA:1,(anonymous_3)
FNDA:1,(anonymous_4)
DA:4,1
DA:9,9
DA:18,1
DA:19,1
DA:20,1
DA:29,3
DA:30,3
DA:39,1
DA:47,1
LF:9
LH:9
BRF:0
BRH:0
end_of_record
TN:
SF:src/database.ts
FNF:0
FNH:0
DA:1,1
DA:5,1
DA:7,1
DA:8,1
DA:11,1
DA:12,1
DA:14,1
DA:15,1
DA:16,1
DA:17,1
DA:18,1
DA:19,1
DA:20,1
DA:21,1
DA:22,1
DA:23,1
DA:25,1
DA:26,1
DA:27,1
DA:28,1
DA:29,1
DA:30,1
DA:31,1
DA:32,1
DA:33,1
DA:34,1
DA:35,1
DA:36,1
DA:37,1
DA:38,1
DA:39,1
DA:40,1
DA:41,1
DA:42,1
DA:43,1
DA:44,1
DA:46,1
DA:47,1
DA:48,1
DA:49,1
DA:50,1
DA:52,1
DA:53,1
DA:55,1
DA:56,1
DA:57,1
DA:58,1
DA:59,1
DA:60,1
DA:61,1
DA:62,1
DA:63,1
DA:64,1
DA:65,1
DA:66,1
DA:67,1
DA:68,1
DA:69,1
DA:70,1
DA:71,1
DA:72,1
DA:73,1
DA:74,1
DA:76,1
DA:77,1
DA:78,1
DA:79,1
DA:80,1
DA:82,1
DA:83,1
DA:84,1
LF:71
LH:71
BRF:0
BRH:0
end_of_record
TN:
SF:src/group.ts
FN:37,(anonymous_0)
FN:51,(anonymous_1)
FN:59,(anonymous_2)
FN:67,(anonymous_3)
FN:75,(anonymous_4)
FN:83,(anonymous_5)
FN:97,(anonymous_6)
FN:127,(anonymous_7)
FN:135,(anonymous_8)
FNF:9
FNH:9
FNDA:6,(anonymous_0)
FNDA:2,(anonymous_1)
FNDA:35,(anonymous_2)
FNDA:11,(anonymous_3)
FNDA:14,(anonymous_4)
FNDA:2,(anonymous_5)
FNDA:1,(anonymous_6)
FNDA:6,(anonymous_7)
FNDA:1,(anonymous_8)
DA:17,1
DA:38,6
DA:39,6
DA:40,6
DA:41,6
DA:42,6
DA:43,6
DA:44,6
DA:52,2
DA:60,35
DA:68,11
DA:76,14
DA:84,2
DA:90,2
DA:98,1
DA:99,1
DA:100,1
DA:101,4
DA:102,3
DA:104,1
DA:107,1
DA:108,2
DA:109,1
DA:111,1
DA:114,1
DA:120,1
DA:128,6
DA:136,1
LF:28
LH:28
BRDA:37,0,0,5
BRDA:101,1,0,3
BRDA:101,1,1,1
BRDA:108,2,0,1
BRDA:108,2,1,1
BRF:5
BRH:5
end_of_record
TN:
SF:src/groupcollection.ts
FN:8,(anonymous_0)
FN:16,(anonymous_1)
FN:17,(anonymous_2)
FN:24,(anonymous_3)
FN:25,(anonymous_4)
FN:32,(anonymous_5)
FN:33,(anonymous_6)
FN:40,(anonymous_7)
FN:41,(anonymous_8)
FN:48,(anonymous_9)
FN:49,(anonymous_10)
FN:56,(anonymous_11)
FN:57,(anonymous_12)
FN:64,(anonymous_13)
FN:65,(anonymous_14)
FN:72,(anonymous_15)
FN:73,(anonymous_16)
FN:80,(anonymous_17)
FN:81,(anonymous_18)
FN:88,(anonymous_19)
FN:89,(anonymous_20)
FN:96,(anonymous_21)
FN:103,(anonymous_22)
FN:104,(anonymous_23)
FN:114,(anonymous_24)
FN:115,(anonymous_25)
FN:118,(anonymous_26)
FN:119,(anonymous_27)
FNF:28
FNH:28
FNDA:2,(anonymous_0)
FNDA:1,(anonymous_1)
FNDA:1,(anonymous_2)
FNDA:1,(anonymous_3)
FNDA:1,(anonymous_4)
FNDA:1,(anonymous_5)
FNDA:1,(anonymous_6)
FNDA:1,(anonymous_7)
FNDA:1,(anonymous_8)
FNDA:1,(anonymous_9)
FNDA:1,(anonymous_10)
FNDA:1,(anonymous_11)
FNDA:1,(anonymous_12)
FNDA:1,(anonymous_13)
FNDA:1,(anonymous_14)
FNDA:1,(anonymous_15)
FNDA:1,(anonymous_16)
FNDA:1,(anonymous_17)
FNDA:1,(anonymous_18)
FNDA:1,(anonymous_19)
FNDA:1,(anonymous_20)
FNDA:1,(anonymous_21)
FNDA:1,(anonymous_22)
FNDA:5,(anonymous_23)
FNDA:7,(anonymous_24)
FNDA:24,(anonymous_25)
FNDA:1,(anonymous_26)
FNDA:6,(anonymous_27)
DA:2,1
DA:7,1
DA:9,2
DA:17,1
DA:25,1
DA:33,1
DA:41,1
DA:49,1
DA:57,1
DA:65,1
DA:73,1
DA:81,1
DA:89,1
DA:97,1
DA:104,1
DA:105,5
DA:115,24
DA:119,6
LF:18
LH:18
BRF:0
BRH:0
end_of_record
TN:
SF:src/management.ts
FN:31,(anonymous_0)
FN:41,(anonymous_1)
FN:49,(anonymous_2)
FN:56,(anonymous_3)
FN:91,(anonymous_4)
FN:146,(anonymous_5)
FN:194,(anonymous_6)
FN:215,(anonymous_7)
FN:237,(anonymous_8)
FN:244,(anonymous_9)
FN:271,(anonymous_10)
FN:298,(anonymous_11)
FN:305,(anonymous_12)
FN:326,(anonymous_13)
FN:360,(anonymous_14)
FNF:15
FNH:15
FNDA:23,(anonymous_0)
FNDA:4,(anonymous_1)
FNDA:13,(anonymous_2)
FNDA:1,(anonymous_3)
FNDA:1,(anonymous_4)
FNDA:2,(anonymous_5)
FNDA:2,(anonymous_6)
FNDA:2,(anonymous_7)
FNDA:1,(anonymous_8)
FNDA:3,(anonymous_9)
FNDA:3,(anonymous_10)
FNDA:1,(anonymous_11)
FNDA:2,(anonymous_12)
FNDA:2,(anonymous_13)
FNDA:3,(anonymous_14)
DA:1,1
DA:2,1
DA:3,1
DA:4,1
DA:5,1
DA:8,1
DA:9,1
DA:10,1
DA:14,1
DA:15,1
DA:16,1
DA:18,1
DA:21,1
DA:32,23
DA:33,23
DA:34,23
DA:42,4
DA:50,13
DA:57,1
DA:68,1
DA:70,0
DA:71,0
DA:72,0
DA:73,0
DA:75,0
DA:76,0
DA:77,0
DA:78,0
DA:80,1
DA:81,1
DA:83,0
DA:85,0
DA:92,1
DA:109,1
DA:111,0
DA:112,0
DA:114,0
DA:115,0
DA:117,0
DA:118,0
DA:120,0
DA:121,0
DA:123,0
DA:124,0
DA:126,0
DA:127,0
DA:129,0
DA:130,0
DA:132,0
DA:133,0
DA:135,1
DA:136,1
DA:138,0
DA:140,0
DA:147,2
DA:164,2
DA:165,1
DA:166,1
DA:168,1
DA:186,1
DA:187,1
DA:188,1
DA:195,2
DA:202,2
DA:203,2
DA:204,2
DA:205,1
DA:206,1
DA:208,1
DA:216,2
DA:218,2
DA:226,2
DA:227,2
DA:228,2
DA:229,1
DA:231,1
DA:238,1
DA:245,3
DA:252,3
DA:253,3
DA:254,3
DA:255,2
DA:256,1
DA:257,1
DA:259,1
DA:260,1
DA:261,1
DA:264,1
DA:272,3
DA:279,3
DA:280,3
DA:281,3
DA:282,2
DA:283,1
DA:284,1
DA:286,1
DA:287,1
DA:288,1
DA:291,1
DA:299,1
DA:306,2
DA:313,2
DA:314,2
DA:315,2
DA:316,1
DA:317,1
DA:319,1
DA:327,2
DA:339,2
DA:340,2
DA:341,1
DA:343,1
DA:352,1
DA:353,1
DA:361,3
DA:368,3
DA:369,3
DA:370,3
DA:371,2
DA:372,1
DA:373,1
DA:375,1
DA:378,1
LF:123
LH:95
BRDA:68,0,0,0
BRDA:68,0,1,0
BRDA:68,0,2,1
BRDA:68,0,3,0
BRDA:71,1,0,0
BRDA:71,1,1,0
BRDA:76,2,0,0
BRDA:76,2,1,0
BRDA:109,3,0,0
BRDA:109,3,1,0
BRDA:109,3,2,0
BRDA:109,3,3,0
BRDA:109,3,4,0
BRDA:109,3,5,0
BRDA:109,3,6,0
BRDA:109,3,7,0
BRDA:109,3,8,1
BRDA:109,3,9,0
BRDA:164,4,0,1
BRDA:164,4,1,1
BRDA:204,5,0,1
BRDA:204,5,1,1
BRDA:228,6,0,1
BRDA:228,6,1,1
BRDA:254,7,0,2
BRDA:254,7,1,1
BRDA:255,8,0,1
BRDA:255,8,1,1
BRDA:281,9,0,2
BRDA:281,9,1,1
BRDA:282,10,0,1
BRDA:282,10,1,1
BRDA:315,11,0,1
BRDA:315,11,1,1
BRDA:340,12,0,1
BRDA:340,12,1,1
BRDA:370,13,0,2
BRDA:370,13,1,1
BRDA:371,14,0,1
BRDA:371,14,1,1
BRF:40
BRH:24
end_of_record
TN:
SF:src/route.ts
FN:31,(anonymous_0)
FN:43,(anonymous_1)
FN:51,(anonymous_2)
FN:59,(anonymous_3)
FN:67,(anonymous_4)
FN:75,(anonymous_5)
FN:83,(anonymous_6)
FN:91,(anonymous_7)
FNF:8
FNH:8
FNDA:10,(anonymous_0)
FNDA:32,(anonymous_1)
FNDA:36,(anonymous_2)
FNDA:6,(anonymous_3)
FNDA:6,(anonymous_4)
FNDA:6,(anonymous_5)
FNDA:6,(anonymous_6)
FNDA:3,(anonymous_7)
DA:9,1
DA:32,10
DA:33,10
DA:34,10
DA:35,10
DA:36,10
DA:37,10
DA:38,10
DA:39,10
DA:40,10
DA:44,32
DA:52,36
DA:60,6
DA:68,6
DA:76,6
DA:84,6
DA:92,3
DA:93,3
DA:94,11
DA:95,8
DA:97,3
DA:100,3
DA:109,3
LF:23
LH:23
BRDA:94,0,0,8
BRDA:94,0,1,3
BRF:2
BRH:2
end_of_record
TN:
SF:src/routescollection.ts
FN:12,(anonymous_0)
FN:20,(anonymous_1)
FN:21,(anonymous_2)
FN:28,(anonymous_3)
FN:29,(anonymous_4)
FN:36,(anonymous_5)
FN:37,(anonymous_6)
FN:44,(anonymous_7)
FN:45,(anonymous_8)
FN:52,(anonymous_9)
FN:53,(anonymous_10)
FN:60,(anonymous_11)
FN:61,(anonymous_12)
FN:68,(anonymous_13)
FN:69,(anonymous_14)
FN:76,(anonymous_15)
FN:77,(anonymous_16)
FN:84,(anonymous_17)
FN:85,(anonymous_18)
FN:92,(anonymous_19)
FN:93,(anonymous_20)
FN:100,(anonymous_21)
FN:107,(anonymous_22)
FN:108,(anonymous_23)
FN:118,(anonymous_24)
FN:119,(anonymous_25)
FNF:26
FNH:26
FNDA:3,(anonymous_0)
FNDA:1,(anonymous_1)
FNDA:1,(anonymous_2)
FNDA:1,(anonymous_3)
FNDA:1,(anonymous_4)
FNDA:1,(anonymous_5)
FNDA:1,(anonymous_6)
FNDA:1,(anonymous_7)
FNDA:1,(anonymous_8)
FNDA:1,(anonymous_9)
FNDA:1,(anonymous_10)
FNDA:1,(anonymous_11)
FNDA:1,(anonymous_12)
FNDA:1,(anonymous_13)
FNDA:1,(anonymous_14)
FNDA:1,(anonymous_15)
FNDA:1,(anonymous_16)
FNDA:1,(anonymous_17)
FNDA:1,(anonymous_18)
FNDA:1,(anonymous_19)
FNDA:1,(anonymous_20)
FNDA:1,(anonymous_21)
FNDA:2,(anonymous_22)
FNDA:20,(anonymous_23)
FNDA:3,(anonymous_24)
FNDA:12,(anonymous_25)
DA:2,1
DA:7,1
DA:13,3
DA:21,1
DA:29,1
DA:37,1
DA:45,1
DA:53,1
DA:61,1
DA:69,1
DA:77,1
DA:85,1
DA:93,1
DA:101,1
DA:108,2
DA:109,20
DA:119,12
LF:17
LH:17
BRF:0
BRH:0
end_of_record
TN:
SF:src/users.ts
FN:32,(anonymous_0)
FN:39,(anonymous_1)
FN:47,(anonymous_2)
FN:55,(anonymous_3)
FN:63,(anonymous_4)
FN:71,(anonymous_5)
FN:84,(anonymous_6)
FN:100,(anonymous_7)
FNF:8
FNH:8
FNDA:21,(anonymous_0)
FNDA:2,(anonymous_1)
FNDA:2,(anonymous_2)
FNDA:12,(anonymous_3)
FNDA:9,(anonymous_4)
FNDA:1,(anonymous_5)
FNDA:2,(anonymous_6)
FNDA:1,(anonymous_7)
DA:18,1
DA:32,21
DA:40,2
DA:48,2
DA:56,12
DA:64,9
DA:72,1
DA:78,1
DA:85,2
DA:86,2
DA:87,4
DA:88,2
DA:90,2
DA:93,2
DA:101,1
DA:102,1
DA:103,1
DA:104,1
DA:105,1
DA:106,2
DA:107,1
DA:109,1
DA:112,1
DA:113,2
DA:114,1
DA:116,1
DA:119,1
DA:120,2
DA:121,1
DA:123,1
DA:126,1
DA:127,2
DA:128,1
DA:130,1
DA:133,1
DA:141,1
LF:36
LH:36
BRDA:87,0,0,2
BRDA:87,0,1,2
BRDA:106,1,0,1
BRDA:106,1,1,1
BRDA:113,2,0,1
BRDA:113,2,1,1
BRDA:120,3,0,1
BRDA:120,3,1,1
BRDA:127,4,0,1
BRDA:127,4,1,1
BRF:10
BRH:10
end_of_record
TN:
SF:src/usersollection.ts
FN:8,(anonymous_0)
FN:16,(anonymous_1)
FN:17,(anonymous_2)
FN:24,(anonymous_3)
FN:25,(anonymous_4)
FN:32,(anonymous_5)
FN:33,(anonymous_6)
FN:40,(anonymous_7)
FN:41,(anonymous_8)
FN:48,(anonymous_9)
FN:49,(anonymous_10)
FN:56,(anonymous_11)
FN:57,(anonymous_12)
FN:64,(anonymous_13)
FN:65,(anonymous_14)
FN:72,(anonymous_15)
FN:73,(anonymous_16)
FN:80,(anonymous_17)
FN:89,(anonymous_18)
FN:90,(anonymous_19)
FN:96,(anonymous_20)
FN:97,(anonymous_21)
FNF:22
FNH:22
FNDA:2,(anonymous_0)
FNDA:1,(anonymous_1)
FNDA:1,(anonymous_2)
FNDA:1,(anonymous_3)
FNDA:1,(anonymous_4)
FNDA:1,(anonymous_5)
FNDA:1,(anonymous_6)
FNDA:1,(anonymous_7)
FNDA:1,(anonymous_8)
FNDA:1,(anonymous_9)
FNDA:1,(anonymous_10)
FNDA:1,(anonymous_11)
FNDA:1,(anonymous_12)
FNDA:1,(anonymous_13)
FNDA:1,(anonymous_14)
FNDA:1,(anonymous_15)
FNDA:1,(anonymous_16)
FNDA:1,(anonymous_17)
FNDA:10,(anonymous_18)
FNDA:112,(anonymous_19)
FNDA:1,(anonymous_20)
FNDA:21,(anonymous_21)
DA:2,1
DA:7,1
DA:9,2
DA:17,1
DA:25,1
DA:33,1
DA:41,1
DA:49,1
DA:57,1
DA:65,1
DA:73,1
DA:81,1
DA:90,112
DA:97,1
DA:98,21
LF:15
LH:15
BRF:0
BRH:0
end_of_record
